Determining if the pthread_create exist failed with the following output:
Change Dir: /home/nvidia/oguz-marc/src/racecar-potential-calc/build/CMakeFiles/CMakeTmp

Run Build Command:"/usr/bin/make" "cmTC_861f1/fast"
/usr/bin/make -f CMakeFiles/cmTC_861f1.dir/build.make CMakeFiles/cmTC_861f1.dir/build
make[1]: Entering directory '/home/nvidia/oguz-marc/src/racecar-potential-calc/build/CMakeFiles/CMakeTmp'
Building C object CMakeFiles/cmTC_861f1.dir/CheckSymbolExists.c.o
/usr/bin/cc    -o CMakeFiles/cmTC_861f1.dir/CheckSymbolExists.c.o   -c /home/nvidia/oguz-marc/src/racecar-potential-calc/build/CMakeFiles/CMakeTmp/CheckSymbolExists.c
Linking C executable cmTC_861f1
/usr/bin/cmake -E cmake_link_script CMakeFiles/cmTC_861f1.dir/link.txt --verbose=1
/usr/bin/cc      -rdynamic CMakeFiles/cmTC_861f1.dir/CheckSymbolExists.c.o  -o cmTC_861f1 
CMakeFiles/cmTC_861f1.dir/CheckSymbolExists.c.o: In function `main':
CheckSymbolExists.c:(.text+0x14): undefined reference to `pthread_create'
CheckSymbolExists.c:(.text+0x18): undefined reference to `pthread_create'
collect2: error: ld returned 1 exit status
CMakeFiles/cmTC_861f1.dir/build.make:97: recipe for target 'cmTC_861f1' failed
make[1]: *** [cmTC_861f1] Error 1
make[1]: Leaving directory '/home/nvidia/oguz-marc/src/racecar-potential-calc/build/CMakeFiles/CMakeTmp'
Makefile:126: recipe for target 'cmTC_861f1/fast' failed
make: *** [cmTC_861f1/fast] Error 2

File /home/nvidia/oguz-marc/src/racecar-potential-calc/build/CMakeFiles/CMakeTmp/CheckSymbolExists.c:
/* */
#include <pthread.h>

int main(int argc, char** argv)
{
  (void)argv;
#ifndef pthread_create
  return ((int*)(&pthread_create))[argc];
#else
  (void)argc;
  return 0;
#endif
}

Determining if the function pthread_create exists in the pthreads failed with the following output:
Change Dir: /home/nvidia/oguz-marc/src/racecar-potential-calc/build/CMakeFiles/CMakeTmp

Run Build Command:"/usr/bin/make" "cmTC_b59c4/fast"
/usr/bin/make -f CMakeFiles/cmTC_b59c4.dir/build.make CMakeFiles/cmTC_b59c4.dir/build
make[1]: Entering directory '/home/nvidia/oguz-marc/src/racecar-potential-calc/build/CMakeFiles/CMakeTmp'
Building C object CMakeFiles/cmTC_b59c4.dir/CheckFunctionExists.c.o
/usr/bin/cc   -DCHECK_FUNCTION_EXISTS=pthread_create   -o CMakeFiles/cmTC_b59c4.dir/CheckFunctionExists.c.o   -c /usr/share/cmake-3.10/Modules/CheckFunctionExists.c
Linking C executable cmTC_b59c4
/usr/bin/cmake -E cmake_link_script CMakeFiles/cmTC_b59c4.dir/link.txt --verbose=1
/usr/bin/cc  -DCHECK_FUNCTION_EXISTS=pthread_create    -rdynamic CMakeFiles/cmTC_b59c4.dir/CheckFunctionExists.c.o  -o cmTC_b59c4 -lpthreads 
/usr/bin/ld: cannot find -lpthreads
collect2: error: ld returned 1 exit status
CMakeFiles/cmTC_b59c4.dir/build.make:97: recipe for target 'cmTC_b59c4' failed
make[1]: *** [cmTC_b59c4] Error 1
make[1]: Leaving directory '/home/nvidia/oguz-marc/src/racecar-potential-calc/build/CMakeFiles/CMakeTmp'
Makefile:126: recipe for target 'cmTC_b59c4/fast' failed
make: *** [cmTC_b59c4/fast] Error 2


